# JRE version: OpenJDK Runtime Environment Corretto-25.0.3.9.1 (25.0.3+9) (build 25.0.3+9-LTS)
# Java VM: OpenJDK 64-Bit Server VM Corretto-25.0.3.9.1 (25.0.3+9-LTS, mixed mode, sharing, tiered, compressed oops, compressed class ptrs, parallel gc, windows-amd64)
GC Precious Log:
 CardTable entry size: 512
 CPUs: 22 total, 22 available
 Memory: 32205M
 Large Page Support: Disabled
 NUMA Support: Disabled
 Compressed Oops: Enabled (32-bit)
 Alignments: Space 512K, Generation 512K, Heap 2M
 Heap Min Capacity: 100M
 Heap Initial Capacity: 100M
 Heap Max Capacity: 2G
 Pre-touch: Disabled
 Parallel Workers: 16
Heap:
 PSYoungGen      total 32256K, used 30813K [0x00000000d5580000, 0x00000000d7680000, 0x0000000100000000)
  eden space 29696K, 99% used [0x00000000d5580000,0x00000000d725f440,0x00000000d7280000)
  from space 2560K, 48% used [0x00000000d7400000,0x00000000d7538000,0x00000000d7680000)
  to   space 1536K, 0% used [0x00000000d7280000,0x00000000d7280000,0x00000000d7400000)
 ParOldGen       total 68608K, used 23216K [0x0000000080000000, 0x0000000084300000, 0x00000000d5580000)
  object space 68608K, 33% used [0x0000000080000000,0x00000000816ac130,0x0000000084300000)
GC Heap Usage History (20 events):
Event: 8.785 {heap Before GC invocations=7 (full 0):
 PSYoungGen      total 30208K, used 29706K [0x00000000d5580000, 0x00000000d7980000, 0x0000000100000000)
  eden space 24576K, 100% used [0x00000000d5580000,0x00000000d6d80000,0x00000000d6d80000)
  from space 5632K, 91% used [0x00000000d7400000,0x00000000d7902838,0x00000000d7980000)
  to   space 5632K, 0% used [0x00000000d6e80000,0x00000000d6e80000,0x00000000d7400000)
 ParOldGen       total 68608K, used 8151K [0x0000000080000000, 0x0000000084300000, 0x00000000d5580000)
  object space 68608K, 11% used [0x0000000080000000,0x00000000807f5ea0,0x0000000084300000)
}
Event: 8.793 {heap After GC invocations=7 (full 0):
 PSYoungGen      total 28672K, used 4491K [0x00000000d5580000, 0x00000000d7700000, 0x0000000100000000)
  eden space 24064K, 0% used [0x00000000d5580000,0x00000000d5580000,0x00000000d6d00000)
  from space 4608K, 97% used [0x00000000d6e80000,0x00000000d72e2fd0,0x00000000d7300000)
  to   space 4096K, 0% used [0x00000000d7300000,0x00000000d7300000,0x00000000d7700000)
 ParOldGen       total 68608K, used 9682K [0x0000000080000000, 0x0000000084300000, 0x00000000d5580000)
  object space 68608K, 14% used [0x0000000080000000,0x0000000080974b38,0x0000000084300000)
}
Event: 8.868 {heap Before GC invocations=8 (full 1):
 PSYoungGen      total 28672K, used 8879K [0x00000000d5580000, 0x00000000d7700000, 0x0000000100000000)
  eden space 24064K, 18% used [0x00000000d5580000,0x00000000d59c8f60,0x00000000d6d00000)
  from space 4608K, 97% used [0x00000000d6e80000,0x00000000d72e2fd0,0x00000000d7300000)
  to   space 4096K, 0% used [0x00000000d7300000,0x00000000d7300000,0x00000000d7700000)
 ParOldGen       total 68608K, used 9682K [0x0000000080000000, 0x0000000084300000, 0x00000000d5580000)
  object space 68608K, 14% used [0x0000000080000000,0x0000000080974b38,0x0000000084300000)
}
Event: 8.896 {heap After GC invocations=8 (full 1):
 PSYoungGen      total 28672K, used 0K [0x00000000d5580000, 0x00000000d7700000, 0x0000000100000000)
  eden space 24064K, 0% used [0x00000000d5580000,0x00000000d5580000,0x00000000d6d00000)
  from space 4608K, 0% used [0x00000000d6e80000,0x00000000d6e80000,0x00000000d7300000)
  to   space 4096K, 0% used [0x00000000d7300000,0x00000000d7300000,0x00000000d7700000)
 ParOldGen       total 68608K, used 14344K [0x0000000080000000, 0x0000000084300000, 0x00000000d5580000)
  object space 68608K, 20% used [0x0000000080000000,0x0000000080e02140,0x0000000084300000)
}
Event: 9.070 {heap Before GC invocations=9 (full 1):
 PSYoungGen      total 28672K, used 24064K [0x00000000d5580000, 0x00000000d7700000, 0x0000000100000000)
  eden space 24064K, 100% used [0x00000000d5580000,0x00000000d6d00000,0x00000000d6d00000)
  from space 4608K, 0% used [0x00000000d6e80000,0x00000000d6e80000,0x00000000d7300000)
  to   space 4096K, 0% used [0x00000000d7300000,0x00000000d7300000,0x00000000d7700000)
 ParOldGen       total 68608K, used 14344K [0x0000000080000000, 0x0000000084300000, 0x00000000d5580000)
  object space 68608K, 20% used [0x0000000080000000,0x0000000080e02140,0x0000000084300000)
}
Event: 9.071 {heap After GC invocations=9 (full 1):
 PSYoungGen      total 31232K, used 1082K [0x00000000d5580000, 0x00000000d7680000, 0x0000000100000000)
  eden space 27648K, 0% used [0x00000000d5580000,0x00000000d5580000,0x00000000d7080000)
  from space 3584K, 30% used [0x00000000d7300000,0x00000000d740e8d0,0x00000000d7680000)
  to   space 2560K, 0% used [0x00000000d7080000,0x00000000d7080000,0x00000000d7300000)
 ParOldGen       total 68608K, used 14352K [0x0000000080000000, 0x0000000084300000, 0x00000000d5580000)
  object space 68608K, 20% used [0x0000000080000000,0x0000000080e04140,0x0000000084300000)
}
Event: 9.271 {heap Before GC invocations=10 (full 1):
 PSYoungGen      total 31232K, used 28730K [0x00000000d5580000, 0x00000000d7680000, 0x0000000100000000)
  eden space 27648K, 100% used [0x00000000d5580000,0x00000000d7080000,0x00000000d7080000)
  from space 3584K, 30% used [0x00000000d7300000,0x00000000d740e8d0,0x00000000d7680000)
  to   space 2560K, 0% used [0x00000000d7080000,0x00000000d7080000,0x00000000d7300000)
 ParOldGen       total 68608K, used 14352K [0x0000000080000000, 0x0000000084300000, 0x00000000d5580000)
  object space 68608K, 20% used [0x0000000080000000,0x0000000080e04140,0x0000000084300000)
}
Event: 9.273 {heap After GC invocations=10 (full 1):
 PSYoungGen      total 30208K, used 2076K [0x00000000d5580000, 0x00000000d7680000, 0x0000000100000000)
  eden space 27648K, 0% used [0x00000000d5580000,0x00000000d5580000,0x00000000d7080000)
  from space 2560K, 81% used [0x00000000d7080000,0x00000000d7287338,0x00000000d7300000)
  to   space 2560K, 0% used [0x00000000d7400000,0x00000000d7400000,0x00000000d7680000)
 ParOldGen       total 68608K, used 15141K [0x0000000080000000, 0x0000000084300000, 0x00000000d5580000)
  object space 68608K, 22% used [0x0000000080000000,0x0000000080ec9650,0x0000000084300000)
}
Event: 9.851 {heap Before GC invocations=11 (full 1):
 PSYoungGen      total 30208K, used 29724K [0x00000000d5580000, 0x00000000d7680000, 0x0000000100000000)
  eden space 27648K, 100% used [0x00000000d5580000,0x00000000d7080000,0x00000000d7080000)
  from space 2560K, 81% used [0x00000000d7080000,0x00000000d7287338,0x00000000d7300000)
  to   space 2560K, 0% used [0x00000000d7400000,0x00000000d7400000,0x00000000d7680000)
 ParOldGen       total 68608K, used 15141K [0x0000000080000000, 0x0000000084300000, 0x00000000d5580000)
  object space 68608K, 22% used [0x0000000080000000,0x0000000080ec9650,0x0000000084300000)
}
Event: 9.854 {heap After GC invocations=11 (full 1):
 PSYoungGen      total 30208K, used 2488K [0x00000000d5580000, 0x00000000d7680000, 0x0000000100000000)
  eden space 27648K, 0% used [0x00000000d5580000,0x00000000d5580000,0x00000000d7080000)
  from space 2560K, 97% used [0x00000000d7400000,0x00000000d766e320,0x00000000d7680000)
  to   space 3072K, 0% used [0x00000000d7080000,0x00000000d7080000,0x00000000d7380000)
 ParOldGen       total 68608K, used 16693K [0x0000000080000000, 0x0000000084300000, 0x00000000d5580000)
  object space 68608K, 24% used [0x0000000080000000,0x000000008104d6b0,0x0000000084300000)
}
Event: 10.022 {heap Before GC invocations=12 (full 1):
 PSYoungGen      total 30208K, used 30136K [0x00000000d5580000, 0x00000000d7680000, 0x0000000100000000)
  eden space 27648K, 100% used [0x00000000d5580000,0x00000000d7080000,0x00000000d7080000)
  from space 2560K, 97% used [0x00000000d7400000,0x00000000d766e320,0x00000000d7680000)
  to   space 3072K, 0% used [0x00000000d7080000,0x00000000d7080000,0x00000000d7380000)
 ParOldGen       total 68608K, used 16693K [0x0000000080000000, 0x0000000084300000, 0x00000000d5580000)
  object space 68608K, 24% used [0x0000000080000000,0x000000008104d6b0,0x0000000084300000)
}
Event: 10.026 {heap After GC invocations=12 (full 1):
 PSYoungGen      total 30720K, used 1867K [0x00000000d5580000, 0x00000000d7680000, 0x0000000100000000)
  eden space 27648K, 0% used [0x00000000d5580000,0x00000000d5580000,0x00000000d7080000)
  from space 3072K, 60% used [0x00000000d7080000,0x00000000d7252ea0,0x00000000d7380000)
  to   space 2560K, 0% used [0x00000000d7400000,0x00000000d7400000,0x00000000d7680000)
 ParOldGen       total 68608K, used 19070K [0x0000000080000000, 0x0000000084300000, 0x00000000d5580000)
  object space 68608K, 27% used [0x0000000080000000,0x000000008129f9b8,0x0000000084300000)
}
Event: 10.302 {heap Before GC invocations=13 (full 1):
 PSYoungGen      total 30720K, used 29515K [0x00000000d5580000, 0x00000000d7680000, 0x0000000100000000)
  eden space 27648K, 100% used [0x00000000d5580000,0x00000000d7080000,0x00000000d7080000)
  from space 3072K, 60% used [0x00000000d7080000,0x00000000d7252ea0,0x00000000d7380000)
  to   space 2560K, 0% used [0x00000000d7400000,0x00000000d7400000,0x00000000d7680000)
 ParOldGen       total 68608K, used 19070K [0x0000000080000000, 0x0000000084300000, 0x00000000d5580000)
  object space 68608K, 27% used [0x0000000080000000,0x000000008129f9b8,0x0000000084300000)
}
Event: 10.305 {heap After GC invocations=13 (full 1):
 PSYoungGen      total 29184K, used 2537K [0x00000000d5580000, 0x00000000d7900000, 0x0000000100000000)
  eden space 26624K, 0% used [0x00000000d5580000,0x00000000d5580000,0x00000000d6f80000)
  from space 2560K, 99% used [0x00000000d7400000,0x00000000d767a660,0x00000000d7680000)
  to   space 4608K, 0% used [0x00000000d6f80000,0x00000000d6f80000,0x00000000d7400000)
 ParOldGen       total 68608K, used 20316K [0x0000000080000000, 0x0000000084300000, 0x00000000d5580000)
  object space 68608K, 29% used [0x0000000080000000,0x00000000813d7080,0x0000000084300000)
}
Event: 10.356 {heap Before GC invocations=14 (full 2):
 PSYoungGen      total 29184K, used 7381K [0x00000000d5580000, 0x00000000d7900000, 0x0000000100000000)
  eden space 26624K, 18% used [0x00000000d5580000,0x00000000d5a3b070,0x00000000d6f80000)
  from space 2560K, 99% used [0x00000000d7400000,0x00000000d767a660,0x00000000d7680000)
  to   space 4608K, 0% used [0x00000000d6f80000,0x00000000d6f80000,0x00000000d7400000)
 ParOldGen       total 68608K, used 20316K [0x0000000080000000, 0x0000000084300000, 0x00000000d5580000)
  object space 68608K, 29% used [0x0000000080000000,0x00000000813d7080,0x0000000084300000)
}
Event: 10.390 {heap After GC invocations=14 (full 2):
 PSYoungGen      total 29184K, used 0K [0x00000000d5580000, 0x00000000d7900000, 0x0000000100000000)
  eden space 26624K, 0% used [0x00000000d5580000,0x00000000d5580000,0x00000000d6f80000)
  from space 2560K, 0% used [0x00000000d7400000,0x00000000d7400000,0x00000000d7680000)
  to   space 4608K, 0% used [0x00000000d6f80000,0x00000000d6f80000,0x00000000d7400000)
 ParOldGen       total 68608K, used 22380K [0x0000000080000000, 0x0000000084300000, 0x00000000d5580000)
  object space 68608K, 32% used [0x0000000080000000,0x00000000815db110,0x0000000084300000)
}
Event: 10.681 {heap Before GC invocations=15 (full 2):
 PSYoungGen      total 29184K, used 26624K [0x00000000d5580000, 0x00000000d7900000, 0x0000000100000000)
  eden space 26624K, 100% used [0x00000000d5580000,0x00000000d6f80000,0x00000000d6f80000)
  from space 2560K, 0% used [0x00000000d7400000,0x00000000d7400000,0x00000000d7680000)
  to   space 4608K, 0% used [0x00000000d6f80000,0x00000000d6f80000,0x00000000d7400000)
 ParOldGen       total 68608K, used 22380K [0x0000000080000000, 0x0000000084300000, 0x00000000d5580000)
  object space 68608K, 32% used [0x0000000080000000,0x00000000815db110,0x0000000084300000)
}
Event: 10.683 {heap After GC invocations=15 (full 2):
 PSYoungGen      total 31232K, used 1120K [0x00000000d5580000, 0x00000000d7680000, 0x0000000100000000)
  eden space 26624K, 0% used [0x00000000d5580000,0x00000000d5580000,0x00000000d6f80000)
  from space 4608K, 24% used [0x00000000d6f80000,0x00000000d7098000,0x00000000d7400000)
  to   space 2560K, 0% used [0x00000000d7400000,0x00000000d7400000,0x00000000d7680000)
 ParOldGen       total 68608K, used 22388K [0x0000000080000000, 0x0000000084300000, 0x00000000d5580000)
  object space 68608K, 32% used [0x0000000080000000,0x00000000815dd110,0x0000000084300000)
}
Event: 11.149 {heap Before GC invocations=16 (full 2):
 PSYoungGen      total 31232K, used 27744K [0x00000000d5580000, 0x00000000d7680000, 0x0000000100000000)
  eden space 26624K, 100% used [0x00000000d5580000,0x00000000d6f80000,0x00000000d6f80000)
  from space 4608K, 24% used [0x00000000d6f80000,0x00000000d7098000,0x00000000d7400000)
  to   space 2560K, 0% used [0x00000000d7400000,0x00000000d7400000,0x00000000d7680000)
 ParOldGen       total 68608K, used 22388K [0x0000000080000000, 0x0000000084300000, 0x00000000d5580000)
  object space 68608K, 32% used [0x0000000080000000,0x00000000815dd110,0x0000000084300000)
}
Event: 11.151 {heap After GC invocations=16 (full 2):
 PSYoungGen      total 32256K, used 1248K [0x00000000d5580000, 0x00000000d7680000, 0x0000000100000000)
  eden space 29696K, 0% used [0x00000000d5580000,0x00000000d5580000,0x00000000d7280000)
  from space 2560K, 48% used [0x00000000d7400000,0x00000000d7538000,0x00000000d7680000)
  to   space 1536K, 0% used [0x00000000d7280000,0x00000000d7280000,0x00000000d7400000)
 ParOldGen       total 68608K, used 23216K [0x0000000080000000, 0x0000000084300000, 0x00000000d5580000)
  object space 68608K, 33% used [0x0000000080000000,0x00000000816ac130,0x0000000084300000)
}

